<?xml version="1.0" encoding="UTF-8"?>
<!-- Generated by org.testng.reporters.JUnitReportReporter -->
<testsuite hostname="Asplapnav570" failures="0" tests="1" name="assignment.Task1" time="43.016" errors="0" timestamp="2023-07-26T17:25:01 IST" skipped="0">
  <testcase classname="assignment.Task1" name="test001" time="43.016"/>
  <system-out>
    <![CDATA[<div class="test-message">&emsp;Parent window handle (Lambdatest Home page) : CDwindow-448360D068D426DF59A5A6F841D0BFC3</div>
<div class="test-message">&emsp;Child window handle (Integration page) : CDwindow-D24ABAA1A9FEAE661516ABB98D5E5DE8</div>]]>
  </system-out>
</testsuite> <!-- assignment.Task1 -->
