<?xml version="1.0" encoding="UTF-8"?>
<!-- Generated by org.testng.reporters.JUnitReportReporter -->
<testsuite hostname="Asplapnav570" failures="0" tests="1" name="demo.TestSuiteA" time="0.014" errors="0" timestamp="2023-07-18T20:05:01 IST" skipped="0">
  <testcase classname="demo.TestSuiteA" name="testMethodA" time="0.014"/>
  <system-out/>
</testsuite> <!-- demo.TestSuiteA -->
