<?xml version="1.0" encoding="UTF-8"?>
<!-- Generated by org.testng.reporters.JUnitReportReporter -->
<testsuite hostname="Asplapnav570" failures="0" tests="1" name="demo.TestSuiteB" time="0.007" errors="0" timestamp="2023-07-18T20:11:26 IST" skipped="0">
  <testcase classname="demo.TestSuiteB" name="testMethodB" time="0.007"/>
  <system-out/>
</testsuite> <!-- demo.TestSuiteB -->
